<?xml version="1.0" encoding="UTF-8"?>
<testsuite xmlns:xsi="http://www.w3.org/2001/XMLSchema-instance" xsi:noNamespaceSchemaLocation="https://maven.apache.org/surefire/maven-surefire-plugin/xsd/surefire-test-report.xsd" name="com.example.ProductServiceTest" time="0.031" tests="3" errors="1" skipped="0" failures="0">
  <properties>
[...]
</properties>
  <testcase name="testFindDiscountListProduct" classname="com.example.ProductServiceTest" time="0.005">
    <error message="Configuration error: You must configure at least one set of arguments for this @ParameterizedTest" type="org.junit.platform.commons.PreconditionViolationException">org.junit.platform.commons.PreconditionViolationException: Configuration error: You must configure at least one set of arguments for this @ParameterizedTest
</error>
  </testcase>
  <testcase name="testFindDiscountCaseTwo" classname="com.example.ProductServiceTest" time="0.015"/>
  <testcase name="testDiscount" classname="com.example.ProductServiceTest" time="0.003"/>
</testsuite>